2018-10-31 12:10:37 INFO  JavaStringSolutions:14 - 22
2018-10-31 12:10:37 INFO  JavaStringSolutions:15 - dlroW olleH
2018-10-31 12:10:37 INFO  JavaStringSolutions:60 - Builder Time: 127 ms
2018-10-31 12:10:37 INFO  JavaStringSolutions:69 - Buffer Time: 127 ms
2018-10-31 12:10:37 INFO  JavaStringSolutions:17 - true
2018-10-31 12:12:16 INFO  JavaStringSolutions:14 - 22
2018-10-31 12:12:16 INFO  JavaStringSolutions:15 - dlroW olleH
2018-10-31 12:12:16 INFO  JavaStringSolutions:60 - Builder Time: 119 ms
2018-10-31 12:12:17 INFO  JavaStringSolutions:69 - Buffer Time: 135 ms
2018-10-31 12:12:17 INFO  JavaStringSolutions:17 - true
2018-10-31 12:12:17 INFO  JavaStringSolutions:18 -  HWdellloro
2018-10-31 12:12:17 INFO  JavaStringSolutions:19 - Hell Wrld
2018-10-31 12:12:17 INFO  JavaStringSolutions:20 - HELLO world!
2018-10-31 12:14:05 INFO  JavaStringSolutions:14 - 22
2018-10-31 12:14:05 INFO  JavaStringSolutions:15 - dlroW olleH
2018-10-31 12:14:05 INFO  JavaStringSolutions:62 - Builder Time: 145 ms
2018-10-31 12:14:05 INFO  JavaStringSolutions:71 - Buffer Time: 152 ms
2018-10-31 12:14:05 INFO  JavaStringSolutions:17 - true
2018-10-31 12:14:05 INFO  JavaStringSolutions:18 -  HWdellloro
2018-10-31 12:14:05 INFO  JavaStringSolutions:19 - Hell Wrld
2018-10-31 12:14:05 INFO  JavaStringSolutions:20 - HELLO world!
2018-10-31 12:14:49 INFO  JavaStringSolutions:14 - 22
2018-10-31 12:14:49 INFO  JavaStringSolutions:15 - dlroW olleH
2018-10-31 12:14:50 INFO  JavaStringSolutions:63 - Builder Time: 193 ms
2018-10-31 12:14:50 INFO  JavaStringSolutions:72 - Buffer Time: 182 ms
2018-10-31 12:14:50 INFO  JavaStringSolutions:17 - true
2018-10-31 12:14:50 INFO  JavaStringSolutions:18 -  HWdellloro
2018-10-31 12:14:50 INFO  JavaStringSolutions:19 - Hell Wrld
2018-10-31 12:14:50 INFO  JavaStringSolutions:20 - HELLO world!
2018-10-31 12:15:21 INFO  JavaStringSolutions:14 - 22
2018-10-31 12:15:21 INFO  JavaStringSolutions:15 - dlroW olleH
2018-10-31 12:15:21 INFO  JavaStringSolutions:63 - Builder Time: 131 ms
2018-10-31 12:15:21 INFO  JavaStringSolutions:72 - Buffer Time: 118 ms
2018-10-31 12:15:21 INFO  JavaStringSolutions:17 - true
2018-10-31 12:15:21 INFO  JavaStringSolutions:18 -  HWdellloro
2018-10-31 12:15:21 INFO  JavaStringSolutions:19 - Hell Wrld
2018-10-31 12:15:21 INFO  JavaStringSolutions:20 - HELLO world!
2018-10-31 12:17:24 INFO  JavaStringSolutions:14 - 5234
2018-10-31 12:17:25 INFO  JavaStringSolutions:15 - dlroW olleH
2018-10-31 12:17:25 INFO  JavaStringSolutions:61 - Builder Time: 134 ms
2018-10-31 12:17:25 INFO  JavaStringSolutions:70 - Buffer Time: 111 ms
2018-10-31 12:17:25 INFO  JavaStringSolutions:17 - true
2018-10-31 12:17:25 INFO  JavaStringSolutions:18 -  HWdellloro
2018-10-31 12:17:25 INFO  JavaStringSolutions:19 - Hell Wrld
2018-10-31 12:17:25 INFO  JavaStringSolutions:20 - HELLO world!
2018-10-31 12:17:52 INFO  JavaStringSolutions:14 - 43250
2018-10-31 12:17:52 INFO  JavaStringSolutions:15 - dlroW olleH
2018-10-31 12:17:52 INFO  JavaStringSolutions:61 - Builder Time: 174 ms
2018-10-31 12:17:52 INFO  JavaStringSolutions:70 - Buffer Time: 146 ms
2018-10-31 12:17:52 INFO  JavaStringSolutions:17 - true
2018-10-31 12:17:52 INFO  JavaStringSolutions:18 -  HWdellloro
2018-10-31 12:17:52 INFO  JavaStringSolutions:19 - Hell Wrld
2018-10-31 12:17:53 INFO  JavaStringSolutions:20 - HELLO world!
2018-10-31 12:18:10 INFO  JavaStringSolutions:14 - 4325
2018-10-31 12:18:10 INFO  JavaStringSolutions:15 - dlroW olleH
2018-10-31 12:18:10 INFO  JavaStringSolutions:61 - Builder Time: 159 ms
2018-10-31 12:18:10 INFO  JavaStringSolutions:70 - Buffer Time: 162 ms
2018-10-31 12:18:10 INFO  JavaStringSolutions:17 - true
2018-10-31 12:18:10 INFO  JavaStringSolutions:18 -  HWdellloro
2018-10-31 12:18:10 INFO  JavaStringSolutions:19 - Hell Wrld
2018-10-31 12:18:10 INFO  JavaStringSolutions:20 - HELLO world!
2018-10-31 12:22:36 INFO  JavaStringSolutions:14 - 4325
2018-10-31 12:22:36 INFO  JavaStringSolutions:15 - dlroW olleH
2018-10-31 12:22:36 INFO  JavaStringSolutions:61 - Builder Time: 125 ms
2018-10-31 12:22:37 INFO  JavaStringSolutions:70 - Buffer Time: 116 ms
2018-10-31 12:22:37 INFO  JavaStringSolutions:17 - true
2018-10-31 12:22:37 INFO  JavaStringSolutions:18 -     HWaadeehsiolplrlsor
2018-10-31 12:22:37 INFO  JavaStringSolutions:19 - Hell Wrld
2018-10-31 12:22:37 INFO  JavaStringSolutions:20 - HELLO world!
2018-10-31 12:23:19 INFO  JavaStringSolutions:14 - 4325
2018-10-31 12:23:19 INFO  JavaStringSolutions:15 - dlroW olleH
2018-10-31 12:23:19 INFO  JavaStringSolutions:61 - Builder Time: 125 ms
2018-10-31 12:23:19 INFO  JavaStringSolutions:70 - Buffer Time: 121 ms
2018-10-31 12:23:19 INFO  JavaStringSolutions:17 - true
2018-10-31 12:23:19 INFO  JavaStringSolutions:18 -  HWdellloro
2018-10-31 12:23:19 INFO  JavaStringSolutions:19 - Hell Wrld
2018-10-31 12:23:19 INFO  JavaStringSolutions:20 - HELLO world!
2018-10-31 12:24:55 INFO  JavaStringSolutions:14 - 4325
2018-10-31 12:24:55 INFO  JavaStringSolutions:15 - dlroW olleH
2018-10-31 12:24:55 INFO  JavaStringSolutions:61 - Builder Time: 145 ms
2018-10-31 12:24:55 INFO  JavaStringSolutions:70 - Buffer Time: 148 ms
2018-10-31 12:24:55 INFO  JavaStringSolutions:17 - true
2018-10-31 12:24:55 INFO  JavaStringSolutions:18 -  HWdellloro
2018-10-31 12:24:55 INFO  JavaStringSolutions:19 - Hell Wrld
2018-10-31 12:24:55 INFO  JavaStringSolutions:20 - HELLO world!
2018-10-31 12:28:19 INFO  JavaStringSolutions:14 - 4325
2018-10-31 12:28:19 INFO  JavaStringSolutions:15 - dlroW olleH
2018-10-31 12:28:19 INFO  JavaStringSolutions:61 - Builder Time: 168 ms
2018-10-31 12:28:19 INFO  JavaStringSolutions:70 - Buffer Time: 153 ms
2018-10-31 12:28:19 INFO  JavaStringSolutions:17 - true
2018-10-31 12:28:19 INFO  JavaStringSolutions:18 -     HWaadeehsiolplrlsor
2018-10-31 12:28:19 INFO  JavaStringSolutions:19 - Hell Wrld
2018-10-31 12:28:19 INFO  JavaStringSolutions:20 - HELLO world!
2018-10-31 12:30:28 INFO  JavaStringSolutions:14 - 4325
2018-10-31 12:30:28 INFO  JavaStringSolutions:15 - dlroW olleH
2018-10-31 12:30:28 INFO  JavaStringSolutions:61 - Builder Time: 143 ms
2018-10-31 12:30:29 INFO  JavaStringSolutions:70 - Buffer Time: 120 ms
2018-10-31 12:30:29 INFO  JavaStringSolutions:17 - true
2018-10-31 12:30:49 INFO  JavaStringSolutions:14 - 4325
2018-10-31 12:30:49 INFO  JavaStringSolutions:15 - dlroW olleH
2018-10-31 12:30:49 INFO  JavaStringSolutions:61 - Builder Time: 138 ms
2018-10-31 12:30:49 INFO  JavaStringSolutions:70 - Buffer Time: 110 ms
2018-10-31 12:30:49 INFO  JavaStringSolutions:17 - true
2018-10-31 12:30:49 INFO  JavaStringSolutions:18 -     HWaadeehilllooprrss
2018-10-31 12:30:49 INFO  JavaStringSolutions:19 - Hell Wrld
2018-10-31 12:30:49 INFO  JavaStringSolutions:20 - HELLO world!
